
> doyourwork-api@1.0.0 start
> node server.js

[dotenv@17.2.3] injecting env (14) from .env -- tip: 🔐 prevent building .env in docker: https://dotenvx.com/prebuild
Server running on port 3000
POST /api/wagers/4/proof
GET /test
GET /api/wagers/active
GET /api/wagers/active
GET /api/wagers/pending
GET /api/wagers/active
POST /api/wagers/1/proof
GET /api/wagers/pending
GET /api/wagers/active
GET /api/wagers/pending
GET /api/friends
GET /api/wagers/active
GET /api/friends
GET /api/wagers/pending
POST /api/users/login
Login attempt for: User2
User found: User2
Password valid, generating token
Login successful
GET /api/wagers/active
GET /api/wagers/pending
POST /api/wagers/1/verify
POST /api/wagers/1/verify
Verify wager error: You cannot cancel this PaymentIntent because it has a status of canceled. Only a PaymentIntent with one of the following statuses may be canceled: requires_payment_method, requires_capture, requires_reauthorization, requires_confirmation, requires_action, processing.
GET /api/wagers/active
GET /api/wagers/pending
GET /api/friends
GET /api/wagers/pending
GET /api/friends
GET /api/wagers/pending
GET /api/wagers/pending
GET /api/wagers/pending
GET /api/wagers/active
GET /api/friends
POST /api/users/login
Login attempt for: User1
User found: User1
Password valid, generating token
Login successful
GET /api/wagers/active
GET /api/wagers/pending
GET /api/friends
GET /api/wagers/active
GET /api/wagers/pending
GET /api/wagers/active
GET /api/friends
GET /api/wagers/pending
POST /api/users/login
Login attempt for: User2
User found: User2
Password valid, generating token
Login successful
GET /api/wagers/active
POST /api/wagers/2/proof
GET /api/wagers/pending
GET /api/wagers/active
GET /api/wagers/active
GET /api/wagers/pending
POST /api/users/login
Login attempt for: User1
User found: User1
Password valid, generating token
Login successful
GET /api/wagers/active
GET /api/wagers/pending
POST /api/wagers/2/verify
Verify wager error: This PaymentIntent could not be captured because it has a status of requires_payment_method. Only a PaymentIntent with one of the following statuses may be captured: requires_capture.
POST /api/wagers/2/verify
Verify wager error: This PaymentIntent could not be captured because it has a status of requires_payment_method. Only a PaymentIntent with one of the following statuses may be captured: requires_capture.
